11:10:54.597 [main] ERROR D.JDBC_menu.utils.UpdateQueryUtils - probleme avec la requete INSERT INTO `repas` (`nom`,`prix`,`quantite`,`description`) VALUES ("salade",10.0,20,"salade")
java.sql.SQLIntegrityConstraintViolationException: Duplicate entry 'salade' for key 'nom_UNIQUE'
	at com.mysql.cj.jdbc.exceptions.SQLError.createSQLException(SQLError.java:117)
	at com.mysql.cj.jdbc.exceptions.SQLError.createSQLException(SQLError.java:97)
	at com.mysql.cj.jdbc.exceptions.SQLExceptionsMapping.translateException(SQLExceptionsMapping.java:122)
	at com.mysql.cj.jdbc.StatementImpl.executeUpdateInternal(StatementImpl.java:1355)
	at com.mysql.cj.jdbc.StatementImpl.executeLargeUpdate(StatementImpl.java:2128)
	at com.mysql.cj.jdbc.StatementImpl.executeUpdate(StatementImpl.java:1264)
	at Diginamic.JDBC_menu.utils.UpdateQueryUtils.updateQuery(UpdateQueryUtils.java:44)
	at Diginamic.JDBC_menu.dao.MenuDao.insertMenu(MenuDao.java:80)
	at Diginamic.JDBC_menu.Main.main(Main.java:21)
11:10:54.597 [main] ERROR D.JDBC_menu.utils.UpdateQueryUtils - probleme avec la requete INSERT INTO `repas` (`nom`,`prix`,`quantite`,`description`) VALUES ("salade",10.0,20,"salade")
java.sql.SQLIntegrityConstraintViolationException: Duplicate entry 'salade' for key 'nom_UNIQUE'
	at com.mysql.cj.jdbc.exceptions.SQLError.createSQLException(SQLError.java:117)
	at com.mysql.cj.jdbc.exceptions.SQLError.createSQLException(SQLError.java:97)
	at com.mysql.cj.jdbc.exceptions.SQLExceptionsMapping.translateException(SQLExceptionsMapping.java:122)
	at com.mysql.cj.jdbc.StatementImpl.executeUpdateInternal(StatementImpl.java:1355)
	at com.mysql.cj.jdbc.StatementImpl.executeLargeUpdate(StatementImpl.java:2128)
	at com.mysql.cj.jdbc.StatementImpl.executeUpdate(StatementImpl.java:1264)
	at Diginamic.JDBC_menu.utils.UpdateQueryUtils.updateQuery(UpdateQueryUtils.java:44)
	at Diginamic.JDBC_menu.dao.MenuDao.insertMenu(MenuDao.java:80)
	at Diginamic.JDBC_menu.Main.main(Main.java:21)
11:12:32.760 [main] ERROR D.JDBC_menu.utils.UpdateQueryUtils - probleme avec la requete UPDATE repas SETnom = 'salade avec olive',prix = 10.0quantite = 30description = 'salade avec olive'WHERE id = 6
java.sql.SQLSyntaxErrorException: You have an error in your SQL syntax; check the manual that corresponds to your MySQL server version for the right syntax to use near '= 'salade avec olive',prix = 10.0quantite = 30description = 'salade avec olive'W' at line 1
	at com.mysql.cj.jdbc.exceptions.SQLError.createSQLException(SQLError.java:120)
	at com.mysql.cj.jdbc.exceptions.SQLError.createSQLException(SQLError.java:97)
	at com.mysql.cj.jdbc.exceptions.SQLExceptionsMapping.translateException(SQLExceptionsMapping.java:122)
	at com.mysql.cj.jdbc.StatementImpl.executeUpdateInternal(StatementImpl.java:1355)
	at com.mysql.cj.jdbc.StatementImpl.executeLargeUpdate(StatementImpl.java:2128)
	at com.mysql.cj.jdbc.StatementImpl.executeUpdate(StatementImpl.java:1264)
	at Diginamic.JDBC_menu.utils.UpdateQueryUtils.updateQuery(UpdateQueryUtils.java:44)
	at Diginamic.JDBC_menu.dao.MenuDao.updateMenu(MenuDao.java:92)
	at Diginamic.JDBC_menu.Main.main(Main.java:27)
11:12:32.760 [main] ERROR D.JDBC_menu.utils.UpdateQueryUtils - probleme avec la requete UPDATE repas SETnom = 'salade avec olive',prix = 10.0quantite = 30description = 'salade avec olive'WHERE id = 6
java.sql.SQLSyntaxErrorException: You have an error in your SQL syntax; check the manual that corresponds to your MySQL server version for the right syntax to use near '= 'salade avec olive',prix = 10.0quantite = 30description = 'salade avec olive'W' at line 1
	at com.mysql.cj.jdbc.exceptions.SQLError.createSQLException(SQLError.java:120)
	at com.mysql.cj.jdbc.exceptions.SQLError.createSQLException(SQLError.java:97)
	at com.mysql.cj.jdbc.exceptions.SQLExceptionsMapping.translateException(SQLExceptionsMapping.java:122)
	at com.mysql.cj.jdbc.StatementImpl.executeUpdateInternal(StatementImpl.java:1355)
	at com.mysql.cj.jdbc.StatementImpl.executeLargeUpdate(StatementImpl.java:2128)
	at com.mysql.cj.jdbc.StatementImpl.executeUpdate(StatementImpl.java:1264)
	at Diginamic.JDBC_menu.utils.UpdateQueryUtils.updateQuery(UpdateQueryUtils.java:44)
	at Diginamic.JDBC_menu.dao.MenuDao.updateMenu(MenuDao.java:92)
	at Diginamic.JDBC_menu.Main.main(Main.java:27)
11:19:32.409 [main] ERROR D.JDBC_menu.utils.UpdateQueryUtils - probleme avec la requete INSERT INTO `repas` (`nom`,`prix`,`quantite`,`description`) VALUES ("salade",10.0,20,"salade")
java.sql.SQLIntegrityConstraintViolationException: Duplicate entry 'salade' for key 'nom_UNIQUE'
	at com.mysql.cj.jdbc.exceptions.SQLError.createSQLException(SQLError.java:117)
	at com.mysql.cj.jdbc.exceptions.SQLError.createSQLException(SQLError.java:97)
	at com.mysql.cj.jdbc.exceptions.SQLExceptionsMapping.translateException(SQLExceptionsMapping.java:122)
	at com.mysql.cj.jdbc.StatementImpl.executeUpdateInternal(StatementImpl.java:1355)
	at com.mysql.cj.jdbc.StatementImpl.executeLargeUpdate(StatementImpl.java:2128)
	at com.mysql.cj.jdbc.StatementImpl.executeUpdate(StatementImpl.java:1264)
	at Diginamic.JDBC_menu.utils.UpdateQueryUtils.updateQuery(UpdateQueryUtils.java:44)
	at Diginamic.JDBC_menu.dao.MenuDao.insertMenu(MenuDao.java:80)
	at Diginamic.JDBC_menu.Main.main(Main.java:21)
11:19:32.409 [main] ERROR D.JDBC_menu.utils.UpdateQueryUtils - probleme avec la requete INSERT INTO `repas` (`nom`,`prix`,`quantite`,`description`) VALUES ("salade",10.0,20,"salade")
java.sql.SQLIntegrityConstraintViolationException: Duplicate entry 'salade' for key 'nom_UNIQUE'
	at com.mysql.cj.jdbc.exceptions.SQLError.createSQLException(SQLError.java:117)
	at com.mysql.cj.jdbc.exceptions.SQLError.createSQLException(SQLError.java:97)
	at com.mysql.cj.jdbc.exceptions.SQLExceptionsMapping.translateException(SQLExceptionsMapping.java:122)
	at com.mysql.cj.jdbc.StatementImpl.executeUpdateInternal(StatementImpl.java:1355)
	at com.mysql.cj.jdbc.StatementImpl.executeLargeUpdate(StatementImpl.java:2128)
	at com.mysql.cj.jdbc.StatementImpl.executeUpdate(StatementImpl.java:1264)
	at Diginamic.JDBC_menu.utils.UpdateQueryUtils.updateQuery(UpdateQueryUtils.java:44)
	at Diginamic.JDBC_menu.dao.MenuDao.insertMenu(MenuDao.java:80)
	at Diginamic.JDBC_menu.Main.main(Main.java:21)
11:20:13.337 [main] ERROR D.JDBC_menu.utils.UpdateQueryUtils - probleme avec la requete UPDATE repas SETnom = 'salade avec olive',prix = 10.0',quantite = 30',description = 'salade avec olive'WHERE id = 6
java.sql.SQLSyntaxErrorException: You have an error in your SQL syntax; check the manual that corresponds to your MySQL server version for the right syntax to use near '= 'salade avec olive',prix = 10.0',quantite = 30',description = 'salade avec oli' at line 1
	at com.mysql.cj.jdbc.exceptions.SQLError.createSQLException(SQLError.java:120)
	at com.mysql.cj.jdbc.exceptions.SQLError.createSQLException(SQLError.java:97)
	at com.mysql.cj.jdbc.exceptions.SQLExceptionsMapping.translateException(SQLExceptionsMapping.java:122)
	at com.mysql.cj.jdbc.StatementImpl.executeUpdateInternal(StatementImpl.java:1355)
	at com.mysql.cj.jdbc.StatementImpl.executeLargeUpdate(StatementImpl.java:2128)
	at com.mysql.cj.jdbc.StatementImpl.executeUpdate(StatementImpl.java:1264)
	at Diginamic.JDBC_menu.utils.UpdateQueryUtils.updateQuery(UpdateQueryUtils.java:44)
	at Diginamic.JDBC_menu.dao.MenuDao.updateMenu(MenuDao.java:92)
	at Diginamic.JDBC_menu.Main.main(Main.java:27)
11:20:13.337 [main] ERROR D.JDBC_menu.utils.UpdateQueryUtils - probleme avec la requete UPDATE repas SETnom = 'salade avec olive',prix = 10.0',quantite = 30',description = 'salade avec olive'WHERE id = 6
java.sql.SQLSyntaxErrorException: You have an error in your SQL syntax; check the manual that corresponds to your MySQL server version for the right syntax to use near '= 'salade avec olive',prix = 10.0',quantite = 30',description = 'salade avec oli' at line 1
	at com.mysql.cj.jdbc.exceptions.SQLError.createSQLException(SQLError.java:120)
	at com.mysql.cj.jdbc.exceptions.SQLError.createSQLException(SQLError.java:97)
	at com.mysql.cj.jdbc.exceptions.SQLExceptionsMapping.translateException(SQLExceptionsMapping.java:122)
	at com.mysql.cj.jdbc.StatementImpl.executeUpdateInternal(StatementImpl.java:1355)
	at com.mysql.cj.jdbc.StatementImpl.executeLargeUpdate(StatementImpl.java:2128)
	at com.mysql.cj.jdbc.StatementImpl.executeUpdate(StatementImpl.java:1264)
	at Diginamic.JDBC_menu.utils.UpdateQueryUtils.updateQuery(UpdateQueryUtils.java:44)
	at Diginamic.JDBC_menu.dao.MenuDao.updateMenu(MenuDao.java:92)
	at Diginamic.JDBC_menu.Main.main(Main.java:27)
11:21:01.324 [main] ERROR D.JDBC_menu.utils.UpdateQueryUtils - probleme avec la requete UPDATE repas SETnom = 'salade avec olive',prix = 10.0,quantite = 30,description = 'salade avec olive'WHERE id = 6
java.sql.SQLSyntaxErrorException: You have an error in your SQL syntax; check the manual that corresponds to your MySQL server version for the right syntax to use near '= 'salade avec olive',prix = 10.0,quantite = 30,description = 'salade avec olive' at line 1
	at com.mysql.cj.jdbc.exceptions.SQLError.createSQLException(SQLError.java:120)
	at com.mysql.cj.jdbc.exceptions.SQLError.createSQLException(SQLError.java:97)
	at com.mysql.cj.jdbc.exceptions.SQLExceptionsMapping.translateException(SQLExceptionsMapping.java:122)
	at com.mysql.cj.jdbc.StatementImpl.executeUpdateInternal(StatementImpl.java:1355)
	at com.mysql.cj.jdbc.StatementImpl.executeLargeUpdate(StatementImpl.java:2128)
	at com.mysql.cj.jdbc.StatementImpl.executeUpdate(StatementImpl.java:1264)
	at Diginamic.JDBC_menu.utils.UpdateQueryUtils.updateQuery(UpdateQueryUtils.java:44)
	at Diginamic.JDBC_menu.dao.MenuDao.updateMenu(MenuDao.java:92)
	at Diginamic.JDBC_menu.Main.main(Main.java:27)
11:21:01.324 [main] ERROR D.JDBC_menu.utils.UpdateQueryUtils - probleme avec la requete UPDATE repas SETnom = 'salade avec olive',prix = 10.0,quantite = 30,description = 'salade avec olive'WHERE id = 6
java.sql.SQLSyntaxErrorException: You have an error in your SQL syntax; check the manual that corresponds to your MySQL server version for the right syntax to use near '= 'salade avec olive',prix = 10.0,quantite = 30,description = 'salade avec olive' at line 1
	at com.mysql.cj.jdbc.exceptions.SQLError.createSQLException(SQLError.java:120)
	at com.mysql.cj.jdbc.exceptions.SQLError.createSQLException(SQLError.java:97)
	at com.mysql.cj.jdbc.exceptions.SQLExceptionsMapping.translateException(SQLExceptionsMapping.java:122)
	at com.mysql.cj.jdbc.StatementImpl.executeUpdateInternal(StatementImpl.java:1355)
	at com.mysql.cj.jdbc.StatementImpl.executeLargeUpdate(StatementImpl.java:2128)
	at com.mysql.cj.jdbc.StatementImpl.executeUpdate(StatementImpl.java:1264)
	at Diginamic.JDBC_menu.utils.UpdateQueryUtils.updateQuery(UpdateQueryUtils.java:44)
	at Diginamic.JDBC_menu.dao.MenuDao.updateMenu(MenuDao.java:92)
	at Diginamic.JDBC_menu.Main.main(Main.java:27)
11:22:28.534 [main] ERROR D.JDBC_menu.utils.UpdateQueryUtils - probleme avec la requete UPDATE repas SETnom = 'salade avec olive',prix = 10.0,quantite = 30,description = 'salade avec olive'WHERE id = 6
java.sql.SQLSyntaxErrorException: You have an error in your SQL syntax; check the manual that corresponds to your MySQL server version for the right syntax to use near '= 'salade avec olive',prix = 10.0,quantite = 30,description = 'salade avec olive' at line 1
	at com.mysql.cj.jdbc.exceptions.SQLError.createSQLException(SQLError.java:120)
	at com.mysql.cj.jdbc.exceptions.SQLError.createSQLException(SQLError.java:97)
	at com.mysql.cj.jdbc.exceptions.SQLExceptionsMapping.translateException(SQLExceptionsMapping.java:122)
	at com.mysql.cj.jdbc.StatementImpl.executeUpdateInternal(StatementImpl.java:1355)
	at com.mysql.cj.jdbc.StatementImpl.executeLargeUpdate(StatementImpl.java:2128)
	at com.mysql.cj.jdbc.StatementImpl.executeUpdate(StatementImpl.java:1264)
	at Diginamic.JDBC_menu.utils.UpdateQueryUtils.updateQuery(UpdateQueryUtils.java:44)
	at Diginamic.JDBC_menu.dao.MenuDao.updateMenu(MenuDao.java:92)
	at Diginamic.JDBC_menu.Main.main(Main.java:27)
11:22:28.534 [main] ERROR D.JDBC_menu.utils.UpdateQueryUtils - probleme avec la requete UPDATE repas SETnom = 'salade avec olive',prix = 10.0,quantite = 30,description = 'salade avec olive'WHERE id = 6
java.sql.SQLSyntaxErrorException: You have an error in your SQL syntax; check the manual that corresponds to your MySQL server version for the right syntax to use near '= 'salade avec olive',prix = 10.0,quantite = 30,description = 'salade avec olive' at line 1
	at com.mysql.cj.jdbc.exceptions.SQLError.createSQLException(SQLError.java:120)
	at com.mysql.cj.jdbc.exceptions.SQLError.createSQLException(SQLError.java:97)
	at com.mysql.cj.jdbc.exceptions.SQLExceptionsMapping.translateException(SQLExceptionsMapping.java:122)
	at com.mysql.cj.jdbc.StatementImpl.executeUpdateInternal(StatementImpl.java:1355)
	at com.mysql.cj.jdbc.StatementImpl.executeLargeUpdate(StatementImpl.java:2128)
	at com.mysql.cj.jdbc.StatementImpl.executeUpdate(StatementImpl.java:1264)
	at Diginamic.JDBC_menu.utils.UpdateQueryUtils.updateQuery(UpdateQueryUtils.java:44)
	at Diginamic.JDBC_menu.dao.MenuDao.updateMenu(MenuDao.java:92)
	at Diginamic.JDBC_menu.Main.main(Main.java:27)
